2024-12-06T06:24:45.135Z [INFO]: Rate request [object Object]
2024-12-06T06:24:45.138Z [INFO]: Entered RATE API for package id: JSONStream-1_3_5
2024-12-06T06:24:45.719Z [INFO]: Successfully fetched packageData [object Object]
2024-12-06T06:24:45.724Z [INFO]: Starting to rank modules from path: C:\Users\disha\AppData\Local\Temp\tempURLFile_-25068-ySpQFVB3et1c-.txt
2024-12-06T06:24:45.726Z [DEBUG]: Attempting to read from file: C:\Users\disha\AppData\Local\Temp\tempURLFile_-25068-ySpQFVB3et1c-.txt
2024-12-06T06:24:45.728Z [DEBUG]: Successfully read 1 URLs from file.
2024-12-06T06:24:45.731Z [DEBUG]: GitHubAPI initialized for owner: dominictarr, repo: JSONStream
2024-12-06T06:24:45.740Z [DEBUG]: Fetching data for owner: dominictarr, repo: JSONStream
2024-12-06T06:24:45.743Z [DEBUG]: Initializing API requests.
2024-12-06T06:24:45.747Z [DEBUG]: Fetching closed issues since 2024-09-06T05:24:45.747Z
2024-12-06T06:24:45.748Z [DEBUG]: Fetching contributors for repository: dominictarr/JSONStream
2024-12-06T06:24:45.750Z [DEBUG]: Awaiting responses from GitHub API requests.
2024-12-06T06:24:46.351Z [DEBUG]: Fetched 29 contributors on page 1
2024-12-06T06:24:46.365Z [DEBUG]: Fetched 0 closed issues on page 1
2024-12-06T06:24:46.366Z [DEBUG]: Finished fetching closed issues. Total closed issues: 0
2024-12-06T06:24:46.367Z [DEBUG]: Fetching open issues since 2024-09-06T05:24:45.747Z
2024-12-06T06:24:46.583Z [DEBUG]: Fetched 0 open issues on page 1
2024-12-06T06:24:46.584Z [DEBUG]: Finished fetching open issues. Total open issues: 0
2024-12-06T06:24:46.586Z [DEBUG]: Returning fetched issues.
2024-12-06T06:24:46.587Z [DEBUG]: Fetched 0 contributors on page 2
2024-12-06T06:24:46.588Z [DEBUG]: Finished fetching contributors. Total contributors: 29
2024-12-06T06:24:46.589Z [DEBUG]: Returning fetched contributors.
2024-12-06T06:24:46.590Z [DEBUG]: Fetched 0 closed issues and 0 open issues.
2024-12-06T06:24:46.592Z [DEBUG]: Processed contributions from 29 contributors.
2024-12-06T06:24:46.593Z [DEBUG]: Readme found: true, Description found: true
2024-12-06T06:24:46.593Z [DEBUG]: License: Other
2024-12-06T06:24:46.594Z [DEBUG]: Data fetch latency: 853.8449000008404 ms.
2024-12-06T06:24:46.595Z [DEBUG]: Successfully fetched data from GitHub API
2024-12-06T06:24:46.596Z [DEBUG]: Generating repository URL for username: dominictarr, repoName: JSONStream
2024-12-06T06:24:46.597Z [DEBUG]: Generated repository URL: https://github.com/dominictarr/JSONStream
2024-12-06T06:24:46.598Z [INFO]: The data fetched for each URL:
2024-12-06T06:24:46.599Z [DEBUG]: Attempting to read from file: C:\Users\disha\AppData\Local\Temp\tempURLFile_-25068-ySpQFVB3et1c-.txt
2024-12-06T06:24:46.603Z [DEBUG]: Successfully read 1 URLs from file.
2024-12-06T06:24:46.603Z [INFO]: Processing result 1:
2024-12-06T06:24:46.606Z [DEBUG]: NPM Data:
2024-12-06T06:24:46.606Z [DEBUG]: License: empty
2024-12-06T06:24:46.607Z [DEBUG]: GitHub URL: empty
2024-12-06T06:24:46.607Z [DEBUG]: Dependencies: {}
2024-12-06T06:24:46.609Z [DEBUG]: Readme Present: Yes
2024-12-06T06:24:46.610Z [DEBUG]: Description Present: Yes
2024-12-06T06:24:46.611Z [DEBUG]: Number of Forks: 165
2024-12-06T06:24:46.612Z [DEBUG]: Number of Stars: 1918
2024-12-06T06:24:46.613Z [DEBUG]: GitHub Data:
2024-12-06T06:24:46.614Z [DEBUG]: Name: JSONStream
2024-12-06T06:24:46.615Z [DEBUG]: License Name: Other 
2024-12-06T06:24:46.616Z [DEBUG]: Contributions Array: 133
2024-12-06T06:24:46.617Z [DEBUG]: Readme Present: Yes
2024-12-06T06:24:46.618Z [DEBUG]: Description Present: Yes
2024-12-06T06:24:46.619Z [DEBUG]: Number of Issues: 0
2024-12-06T06:24:46.620Z [INFO]: NetScore instance created.
2024-12-06T06:24:46.621Z [DEBUG]: CorrectnessMetric initialized.
2024-12-06T06:24:46.622Z [INFO]: ResponsivenessMetric instance created.
2024-12-06T06:24:46.623Z [DEBUG]: BusFactorMetric initialized.
2024-12-06T06:24:46.624Z [INFO]: LicenseMetric instance created.
2024-12-06T06:24:46.625Z [DEBUG]: DependencyPinningMetric initialized.
2024-12-06T06:24:46.626Z [INFO]: CodeReviewMetric instance created.
2024-12-06T06:24:46.627Z [INFO]: Calculating latency for NetScore calculation...
2024-12-06T06:24:46.629Z [INFO]: Calculating NetScore...
2024-12-06T06:24:46.630Z [DEBUG]: Calculating latency for correctness score...
2024-12-06T06:24:46.631Z [INFO]: Calculating Correctness Score for repository: JSONStream
2024-12-06T06:24:46.632Z [INFO]: Cloning repository: https://github.com/dominictarr/JSONStream into directory: JSONStream
2024-12-06T06:24:46.640Z [INFO]: Calculating responsiveness score with latency...
2024-12-06T06:24:46.641Z [DEBUG]: Number of closed issues: 0
2024-12-06T06:24:46.642Z [INFO]: No closed issues found, returning default score: 0.25
2024-12-06T06:24:46.643Z [INFO]: Measuring latency for score calculation...
2024-12-06T06:24:46.644Z [INFO]: Calculating RampUp Score...
2024-12-06T06:24:46.645Z [INFO]: Has README: true, Has Description: true
2024-12-06T06:24:46.646Z [INFO]: README Description Score: 0.2
2024-12-06T06:24:46.647Z [INFO]: Total Forks: 165, Total Stars: 1918, Total Forks + Stars: 2083
2024-12-06T06:24:46.648Z [INFO]: Forks and Stars Percentage Score: 0.1
2024-12-06T06:24:46.649Z [INFO]: Forks and Stars Percentage Score: 0.1
2024-12-06T06:24:46.649Z [INFO]: Repository Size (KB): 0.251
2024-12-06T06:24:46.650Z [INFO]: Repository Size Proportion Score: 0.08414301043800605
2024-12-06T06:24:46.651Z [INFO]: Open Issues: 0, Closed Issues: 0
2024-12-06T06:24:46.652Z [INFO]: Open to Closed Issue Ratio Score: 0
2024-12-06T06:24:46.653Z [INFO]: Open to Closed Issue Ratio Score: 0
2024-12-06T06:24:46.654Z [INFO]: Contributors: 29, Standard No. of Contributors (Normalized): 0.006861800208468555
2024-12-06T06:24:46.655Z [INFO]: Contributors Score: 0.1
2024-12-06T06:24:46.655Z [INFO]: Contributors Score: 0.1
2024-12-06T06:24:46.656Z [INFO]: Total RampUp Score: 0.4841430104380061
2024-12-06T06:24:46.657Z [DEBUG]: Measuring latency for BusFactor score calculation...
2024-12-06T06:24:46.658Z [DEBUG]: Calculating BusFactor score...
2024-12-06T06:24:46.659Z [DEBUG]: Total commits calculated: 181
2024-12-06T06:24:46.660Z [DEBUG]: Total commits: 181
2024-12-06T06:24:46.662Z [DEBUG]: HHI calculated: 0.5437257714965973
2024-12-06T06:24:46.662Z [DEBUG]: HHI (Herfindahl-Hirschman Index): 0.5437257714965973
2024-12-06T06:24:46.663Z [INFO]: Calculated BusFactor: 0.4562742285034027
2024-12-06T06:24:46.664Z [INFO]: Calculating latency for license score calculation...
2024-12-06T06:24:46.665Z [INFO]: Calculating license compatibility score...
2024-12-06T06:24:46.665Z [INFO]: Initial GitHub license: Other
2024-12-06T06:24:46.666Z [INFO]: GitHub license not compatible; using NPM license: empty
2024-12-06T06:24:46.667Z [INFO]: License empty is incompatible.
2024-12-06T06:24:46.668Z [DEBUG]: Calculating latency for dependency pinning score...
2024-12-06T06:24:46.669Z [INFO]: Calculating Dependency Pinning Score for repository: JSONStream
2024-12-06T06:24:46.671Z [INFO]: Cloning repository: https://github.com/dominictarr/JSONStream into directory: JSONStream
2024-12-06T06:24:46.673Z [INFO]: Calculating latency for code review fraction score calculation...
2024-12-06T06:24:46.674Z [INFO]: Calculating code review fraction score...
2024-12-06T06:24:46.675Z [INFO]: Calculating code review fraction...
2024-12-06T06:24:46.677Z [DEBUG]: GitHubAPI initialized for owner: dominictarr, repo: JSONStream
2024-12-06T06:24:46.681Z [DEBUG]: Fetching pull requests for repository: dominictarr/JSONStream
2024-12-06T06:24:46.682Z [DEBUG]: Score calculated: 0.25, Latency: 41.91229999810457 ms
2024-12-06T06:24:46.683Z [INFO]: Score Calculation Latency: 38.71290000155568 ms
2024-12-06T06:24:46.685Z [INFO]: BusFactor score: 0.4562742285034027, Latency: 27.008299998939037 ms
2024-12-06T06:24:46.686Z [INFO]: Calculated score: 0, Latency: 21.9037000015378 ms
2024-12-06T06:24:47.157Z [DEBUG]: Fetched 5 pull requests on page 1
2024-12-06T06:24:47.448Z [DEBUG]: Fetched 0 pull requests on page 2
2024-12-06T06:24:47.449Z [DEBUG]: Finished fetching pull requests. Total PRs: 5
2024-12-06T06:24:47.450Z [INFO]: Code review fraction calculated: 0
2024-12-06T06:24:47.450Z [INFO]: Total code introduced: NaN
2024-12-06T06:24:47.451Z [INFO]: Reviewed code: 0
2024-12-06T06:24:47.451Z [INFO]: Code review fraction is low, score: 0
2024-12-06T06:24:47.452Z [INFO]: Calculated score: 0, Latency: 778.8480000011623 ms
2024-12-06T06:24:48.717Z [INFO]: Repository cloned successfully to JSONStream
2024-12-06T06:24:48.718Z [DEBUG]: Repository cloned. Starting analysis.
2024-12-06T06:24:48.774Z [DEBUG]: Latest commit results: {"testfileCount":28,"testlineCount":5079,"fileCount":49,"lineCount":6976}
2024-12-06T06:24:48.778Z [DEBUG]: Getting the commit 20 commits ago in directory: JSONStream
2024-12-06T06:24:48.786Z [INFO]: Repository cloned successfully to JSONStream
2024-12-06T06:24:48.793Z [INFO]: Total Dependencies: 2, Pinned Dependencies: 0, Fraction Pinned: 0
2024-12-06T06:24:48.884Z [DEBUG]: Commit 20 commits ago: 0593d4b4e6c63c6c0e2e68463538fd83bd1eb964
2024-12-06T06:24:48.888Z [DEBUG]: Got commit 20 commits ago: 0593d4b4e6c63c6c0e2e68463538fd83bd1eb964
2024-12-06T06:24:48.889Z [DEBUG]: Checking out commit 0593d4b4e6c63c6c0e2e68463538fd83bd1eb964 in directory: JSONStream
2024-12-06T06:24:48.899Z [INFO]: Error checking out commit 0593d4b4e6c63c6c0e2e68463538fd83bd1eb964: TypeError: Cannot read properties of null (reading 'slice')
2024-12-06T06:24:48.969Z [INFO]: Error calculating correctness score: Error: ENOENT: no such file or directory, scandir 'C:\Users\disha\OneDrive\Documents\Desktop\Purdue\Fall 2024\ECE 46100\ECE-46100-Phase-2\JSONStream\.git\refs\remotes'
2024-12-06T06:24:48.971Z [INFO]: Correctness score: 0, Latency: 2340.127699997276 ms
2024-12-06T06:24:48.972Z [INFO]: Dependency Pinning Score: 0
2024-12-06T06:24:48.973Z [INFO]: Dependency Pinning Score: 0, Latency: 2303.9216000027955 ms
2024-12-06T06:24:48.973Z [DEBUG]: Correctness score: 0, latency: 2340.127699997276
2024-12-06T06:24:48.973Z [DEBUG]: Responsiveness score: 0.25, latency: 41.91229999810457
2024-12-06T06:24:48.973Z [DEBUG]: RampUp score: 0.4841430104380061, latency: 38.71290000155568
2024-12-06T06:24:48.974Z [DEBUG]: BusFactor score: 0.4562742285034027, latency: 27.008299998939037
2024-12-06T06:24:48.974Z [DEBUG]: License score: 0, latency: 21.9037000015378
2024-12-06T06:24:48.974Z [DEBUG]: Dependency Pinning score: 0, latency: 2303.9216000027955
2024-12-06T06:24:48.974Z [DEBUG]: CodeReview score: 0, latency: 778.8480000011623
2024-12-06T06:24:48.975Z [DEBUG]: Fetching GitHub issues for dominictarr/JSONStream
2024-12-06T06:24:49.796Z [DEBUG]: Found 0 bug issues for dominictarr/JSONStream
2024-12-06T06:24:49.797Z [DEBUG]: dominictarr/JSONStream has 30 issues 
2024-12-06T06:24:49.797Z [INFO]: Calculated correctness for dominictarr/JSONStream: 1
2024-12-06T06:24:49.798Z [INFO]: Calculated NetScore: 0.22618594145703147
2024-12-06T06:24:49.799Z [INFO]: NetScore: 0.22618594145703147, Latency: 3170.6408999972045 ms
2024-12-06T06:24:49.800Z [DEBUG]: Returning stored metric results.
2024-12-06T06:24:49.801Z [DEBUG]: jsonmetrics: {"NetScore":0.226,"NetScoreLatency":3.171,"RampUp":0.484,"RampUpLatency":0.039,"Correctness":1,"CorrectnessLatency":0.823,"BusFactor":0.456,"BusFactorLatency":0.027,"ResponsiveMaintainer":0.25,"ResponsiveMaintainerLatency":0.042,"LicenseScore":0,"LicenseScoreLatency":0.022,"PullRequest":0,"PullRequestLatency":0.779,"GoodPinningPractice":0,"GoodPinningPracticeLatency":2.304}
2024-12-06T06:26:06.836Z [INFO]: Request body: [object Object]
2024-12-06T06:26:06.838Z [DEBUG]: Entered post package for updating cross-fetch-4_0_0
2024-12-06T06:26:06.894Z [DEBUG]: Fetched package Metadata [object Object]
2024-12-06T06:26:06.895Z [DEBUG]: Patch version must be uploaded sequentially.
2024-12-06T06:26:54.610Z [INFO]: Request body: [object Object]
2024-12-06T06:26:54.611Z [DEBUG]: Entered post package for updating cross-fetch-4_0_0
2024-12-06T06:26:54.663Z [DEBUG]: Fetched package Metadata [object Object]
2024-12-06T06:26:54.665Z [DEBUG]: Patch version must be uploaded sequentially.
2024-12-06T06:53:55.337Z [INFO]: Request body: [object Object]
2024-12-06T06:53:55.339Z [DEBUG]: Entered post package for updating cross-fetch-4_0_0
2024-12-06T06:53:55.867Z [DEBUG]: Fetched package Metadata [object Object]
2024-12-06T06:53:55.869Z [DEBUG]: Ingesting package (POST /package)
2024-12-06T06:53:55.870Z [DEBUG]: req: {"Name":"cross-fetch","URL":"https://github.com/lquixada/cross-fetch","JSProgram":"","debloat":false}
2024-12-06T06:53:55.872Z [INFO]: constructed npm package url: https://www.npmjs.com/package/cross-fetch
2024-12-06T06:53:55.874Z [INFO]: package name: cross-fetch
2024-12-06T06:54:01.750Z [INFO]: wrote json file
2024-12-06T06:54:01.763Z [INFO]: gitUrl: https://github.com/lquixada/cross-fetch
2024-12-06T06:54:02.583Z [INFO]: finished cloning
2024-12-06T07:12:44.583Z [INFO]: Request body: [object Object]
2024-12-06T07:12:44.586Z [DEBUG]: Entered post package for updating cross-fetch-4_0_0
2024-12-06T07:12:44.977Z [DEBUG]: Fetched package Metadata [object Object]
2024-12-06T07:12:44.979Z [DEBUG]: Ingesting package (POST /package)
2024-12-06T07:12:44.979Z [DEBUG]: req: {"Name":"cross-fetch","URL":"https://github.com/lquixada/cross-fetch","JSProgram":"","debloat":false}
2024-12-06T07:12:44.980Z [INFO]: constructed npm package url: https://www.npmjs.com/package/cross-fetch
2024-12-06T07:12:44.981Z [INFO]: package name: cross-fetch
2024-12-06T07:12:53.222Z [INFO]: wrote json file
2024-12-06T07:12:53.231Z [INFO]: gitUrl: https://github.com/lquixada/cross-fetch
2024-12-06T07:12:53.954Z [INFO]: finished cloning
2024-12-06T07:16:17.146Z [INFO]: Request body: [object Object]
2024-12-06T07:16:17.148Z [DEBUG]: Entered post package for updating cross-fetch-4_0_0
2024-12-06T07:16:17.610Z [DEBUG]: Fetched package Metadata [object Object]
2024-12-06T07:16:17.611Z [DEBUG]: Ingesting package (POST /package)
2024-12-06T07:16:17.612Z [DEBUG]: req: {"Name":"cross-fetch","URL":"https://github.com/lquixada/cross-fetch","JSProgram":"","debloat":false}
2024-12-06T07:16:17.613Z [INFO]: constructed npm package url: https://www.npmjs.com/package/cross-fetch
2024-12-06T07:16:17.614Z [INFO]: package name: cross-fetch
2024-12-06T07:16:23.088Z [INFO]: wrote json file
2024-12-06T07:16:23.104Z [INFO]: Request body: [object Object]
2024-12-06T07:16:23.105Z [DEBUG]: Entered post package for updating cross-fetch-4_0_0
2024-12-06T07:16:23.133Z [INFO]: gitUrl: https://github.com/lquixada/cross-fetch
2024-12-06T07:16:23.248Z [DEBUG]: Fetched package Metadata [object Object]
2024-12-06T07:16:23.250Z [DEBUG]: Ingesting package (POST /package)
2024-12-06T07:16:23.251Z [DEBUG]: req: {"Name":"cross-fetch","URL":"https://github.com/lquixada/cross-fetch","JSProgram":"","debloat":false}
2024-12-06T07:16:23.252Z [INFO]: constructed npm package url: https://www.npmjs.com/package/cross-fetch
2024-12-06T07:16:23.253Z [INFO]: package name: cross-fetch
2024-12-06T07:16:27.924Z [INFO]: wrote json file
2024-12-06T07:16:27.964Z [INFO]: gitUrl: https://github.com/lquixada/cross-fetch
2024-12-06T07:16:28.578Z [INFO]: finished cloning 
2024-12-06T07:16:28.663Z [INFO]: finished cloning 
2024-12-06T07:35:37.399Z [INFO]: Request body: [object Object]
2024-12-06T07:35:37.401Z [DEBUG]: Entered post package for updating cross-fetch-4_0_0
2024-12-06T07:35:37.918Z [DEBUG]: Fetched package Metadata [object Object]
2024-12-06T07:35:37.919Z [DEBUG]: Ingesting package (POST /package)
2024-12-06T07:35:37.920Z [DEBUG]: req: {"Name":"cross-fetch","URL":"https://github.com/lquixada/cross-fetch","JSProgram":"","debloat":false}
2024-12-06T07:35:37.921Z [INFO]: constructed npm package url: https://www.npmjs.com/package/cross-fetch
2024-12-06T07:35:37.923Z [INFO]: package name: cross-fetch
2024-12-06T07:35:42.581Z [INFO]: wrote json file
2024-12-06T07:35:42.592Z [INFO]: gitUrl: https://github.com/lquixada/cross-fetch
2024-12-06T07:35:46.220Z [INFO]: finished cloning C:\Users\disha\OneDrive\Documents\Desktop\Purdue\Fall 2024\ECE 46100\ECE-46100-Phase-2\dist\api\routes\temp
2024-12-06T07:35:46.901Z [INFO]: Version found: 4.0.0
2024-12-06T07:35:46.901Z [INFO]: Username and repo found successfully: lquixada, cross-fetch
2024-12-06T07:35:46.902Z [INFO]: Version: 4.0.0
2024-12-06T07:35:48.130Z [INFO]: Successfully uploaded package with id: cross-fetch4.0.0
